<?xml version="1.0" encoding="UTF-8"?>
<beans xmlns="http://www.springframework.org/schema/beans" xmlns:xsi="http://www.w3.org/2001/XMLSchema-instance"
  xmlns:jdbc="http://www.springframework.org/schema/jdbc" xmlns:tx="http://www.springframework.org/schema/tx"
  xmlns:jpa="http://www.springframework.org/schema/data/jpa" xmlns:context="http://www.springframework.org/schema/context"
  xsi:schemaLocation="http://www.springframework.org/schema/jdbc http://www.springframework.org/schema/jdbc/spring-jdbc.xsd
		http://www.springframework.org/schema/beans http://www.springframework.org/schema/beans/spring-beans.xsd
		http://www.springframework.org/schema/data/jpa http://www.springframework.org/schema/data/jpa/spring-jpa.xsd
		http://www.springframework.org/schema/tx http://www.springframework.org/schema/tx/spring-tx.xsd
		http://www.springframework.org/schema/context http://www.springframework.org/schema/context/spring-context.xsd">

  <context:component-scan base-package="nz.co.springrestjpa.*" />
  <tx:annotation-driven transaction-manager="transactionManager" />

  <bean id="transactionManager" class="org.springframework.orm.jpa.JpaTransactionManager">
    <property name="entityManagerFactory" ref="entityManagerFactory" />
  </bean>

  <bean id="entityManagerFactory" class="org.springframework.orm.jpa.LocalContainerEntityManagerFactoryBean">
    <property name="persistenceXmlLocation" value="classpath:persistence.xml" />
    <property name="persistenceUnitName" value="vodafonePersistence" />
    <property name="dataSource" ref="vodafoneDS" />
    <property name="packagesToScan" value="nz.co.springrestjpa..*" />
    <property name="jpaVendorAdapter">
      <bean class="org.springframework.orm.jpa.vendor.HibernateJpaVendorAdapter">
        <property name="generateDdl" value="true" />
        <property name="databasePlatform" value="org.hibernate.dialect.HSQLDialect" />
        <property name="database" value="HSQL" />
        <property name="showSql" value="true" />
      </bean>
    </property>
  </bean>

  <bean id="vodafoneDS" class="org.apache.commons.dbcp.BasicDataSource" destroy-method="close">
    <property name="driverClassName" value="org.hsqldb.jdbcDriver" />
    <property name="url" value="jdbc:hsqldb:mem:." />
    <property name="initialSize" value="5" />
    <property name="maxActive" value="10" />
  </bean>

  <bean id="customerDao" class="nz.co.springrestjpa.dao.impl.CustomerDaoImpl" />

</beans>