<?xml version="1.0" encoding="UTF-8"?>
<!-- Generated by org.testng.reporters.JUnitReportReporter -->
<testsuite hostname="jaziel" name="nz.co.springrestjpa.controllers.CustomerRestControllerTest" tests="8" failures="0" timestamp="6 Aug 2016 03:15:40 GMT" time="0.054" errors="0">
  <testcase name="testgetCustomers" time="0.002" classname="nz.co.springrestjpa.controllers.CustomerRestControllerTest"/>
  <testcase name="testDeleteCustomer" time="0.001" classname="nz.co.springrestjpa.controllers.CustomerRestControllerTest"/>
  <testcase name="testDeleteCustomerBadRequest" time="0.002" classname="nz.co.springrestjpa.controllers.CustomerRestControllerTest"/>
  <testcase name="testGetCustomer" time="0.002" classname="nz.co.springrestjpa.controllers.CustomerRestControllerTest"/>
  <testcase name="testCreateCustomerEmptyName" time="0.002" classname="nz.co.springrestjpa.controllers.CustomerRestControllerTest"/>
  <testcase name="testUpdateCustomer" time="0.001" classname="nz.co.springrestjpa.controllers.CustomerRestControllerTest"/>
  <testcase name="testCreateCustomerInvalidPhone" time="0.002" classname="nz.co.springrestjpa.controllers.CustomerRestControllerTest"/>
  <testcase name="testCreateCustomer" time="0.042" classname="nz.co.springrestjpa.controllers.CustomerRestControllerTest"/>
</testsuite> <!-- nz.co.springrestjpa.controllers.CustomerRestControllerTest -->
